Determining if the pthread_create exist failed with the following output:
Change Dir: /home/benjamin/Documents/HEIG/bachelor_4/gen/GEN_LABO05/cmake-build-debug/CMakeFiles/CMakeTmp

Run Build Command(s):/usr/bin/make cmTC_4da02/fast 
/usr/bin/make -f CMakeFiles/cmTC_4da02.dir/build.make CMakeFiles/cmTC_4da02.dir/build
make[1]: Entering directory '/home/benjamin/Documents/HEIG/bachelor_4/gen/GEN_LABO05/cmake-build-debug/CMakeFiles/CMakeTmp'
Building C object CMakeFiles/cmTC_4da02.dir/CheckSymbolExists.c.o
/usr/bin/cc    -o CMakeFiles/cmTC_4da02.dir/CheckSymbolExists.c.o   -c /home/benjamin/Documents/HEIG/bachelor_4/gen/GEN_LABO05/cmake-build-debug/CMakeFiles/CMakeTmp/CheckSymbolExists.c
Linking C executable cmTC_4da02
/home/benjamin/.local/share/JetBrains/Toolbox/apps/CLion/ch-0/191.7141.37/bin/cmake/linux/bin/cmake -E cmake_link_script CMakeFiles/cmTC_4da02.dir/link.txt --verbose=1
/usr/bin/cc      -rdynamic CMakeFiles/cmTC_4da02.dir/CheckSymbolExists.c.o  -o cmTC_4da02 
CMakeFiles/cmTC_4da02.dir/CheckSymbolExists.c.o: In function `main':
CheckSymbolExists.c:(.text+0x1b): undefined reference to `pthread_create'
collect2: error: ld returned 1 exit status
CMakeFiles/cmTC_4da02.dir/build.make:86: recipe for target 'cmTC_4da02' failed
make[1]: *** [cmTC_4da02] Error 1
make[1]: Leaving directory '/home/benjamin/Documents/HEIG/bachelor_4/gen/GEN_LABO05/cmake-build-debug/CMakeFiles/CMakeTmp'
Makefile:121: recipe for target 'cmTC_4da02/fast' failed
make: *** [cmTC_4da02/fast] Error 2

File /home/benjamin/Documents/HEIG/bachelor_4/gen/GEN_LABO05/cmake-build-debug/CMakeFiles/CMakeTmp/CheckSymbolExists.c:
/* */
#include <pthread.h>

int main(int argc, char** argv)
{
  (void)argv;
#ifndef pthread_create
  return ((int*)(&pthread_create))[argc];
#else
  (void)argc;
  return 0;
#endif
}

Determining if the function pthread_create exists in the pthreads failed with the following output:
Change Dir: /home/benjamin/Documents/HEIG/bachelor_4/gen/GEN_LABO05/cmake-build-debug/CMakeFiles/CMakeTmp

Run Build Command(s):/usr/bin/make cmTC_ef894/fast 
/usr/bin/make -f CMakeFiles/cmTC_ef894.dir/build.make CMakeFiles/cmTC_ef894.dir/build
make[1]: Entering directory '/home/benjamin/Documents/HEIG/bachelor_4/gen/GEN_LABO05/cmake-build-debug/CMakeFiles/CMakeTmp'
Building C object CMakeFiles/cmTC_ef894.dir/CheckFunctionExists.c.o
/usr/bin/cc   -DCHECK_FUNCTION_EXISTS=pthread_create   -o CMakeFiles/cmTC_ef894.dir/CheckFunctionExists.c.o   -c /home/benjamin/.local/share/JetBrains/Toolbox/apps/CLion/ch-0/191.7141.37/bin/cmake/linux/share/cmake-3.14/Modules/CheckFunctionExists.c
Linking C executable cmTC_ef894
/home/benjamin/.local/share/JetBrains/Toolbox/apps/CLion/ch-0/191.7141.37/bin/cmake/linux/bin/cmake -E cmake_link_script CMakeFiles/cmTC_ef894.dir/link.txt --verbose=1
/usr/bin/cc  -DCHECK_FUNCTION_EXISTS=pthread_create    -rdynamic CMakeFiles/cmTC_ef894.dir/CheckFunctionExists.c.o  -o cmTC_ef894 -lpthreads 
/usr/bin/ld: cannot find -lpthreads
collect2: error: ld returned 1 exit status
CMakeFiles/cmTC_ef894.dir/build.make:86: recipe for target 'cmTC_ef894' failed
make[1]: *** [cmTC_ef894] Error 1
make[1]: Leaving directory '/home/benjamin/Documents/HEIG/bachelor_4/gen/GEN_LABO05/cmake-build-debug/CMakeFiles/CMakeTmp'
Makefile:121: recipe for target 'cmTC_ef894/fast' failed
make: *** [cmTC_ef894/fast] Error 2


